2024-08-25 19:42:11.931 [] INFO  o.h.v.i.u.Version - HV000001: Hibernate Validator 8.0.0.Final
2024-08-25 19:42:11.954 [] INFO  c.c.e.c.EdmsApplication - Starting EdmsApplication using Java 17.0.4.1 with PID 43062 (/Users/js4otto/Documents/cercli/edms/edms.container/target/classes started by js4otto in /Users/js4otto/Documents/cercli)
2024-08-25 19:42:11.954 [] DEBUG c.c.e.c.EdmsApplication - Running with Spring Boot v3.0.1, Spring v6.0.3
2024-08-25 19:42:11.954 [] INFO  c.c.e.c.EdmsApplication - The following 1 profile is active: "sentinel"
2024-08-25 19:42:12.164 [] INFO  o.s.d.r.c.RepositoryConfigurationDelegate - Multiple Spring Data modules found, entering strict repository configuration mode
2024-08-25 19:42:12.165 [] INFO  o.s.d.r.c.RepositoryConfigurationDelegate - Bootstrapping Spring Data MongoDB repositories in DEFAULT mode.
2024-08-25 19:42:12.193 [] INFO  o.s.d.r.c.RepositoryConfigurationDelegate - Finished Spring Data repository scanning in 25 ms. Found 1 MongoDB repository interfaces.
2024-08-25 19:42:12.275 [] INFO  o.s.d.r.c.RepositoryConfigurationDelegate - Multiple Spring Data modules found, entering strict repository configuration mode
2024-08-25 19:42:12.276 [] INFO  o.s.d.r.c.RepositoryConfigurationDelegate - Bootstrapping Spring Data Redis repositories in DEFAULT mode.
2024-08-25 19:42:12.283 [] INFO  o.s.d.r.c.RepositoryConfigurationDelegate - Finished Spring Data repository scanning in 3 ms. Found 0 Redis repository interfaces.
2024-08-25 19:42:12.461 [] INFO  o.s.b.w.e.t.TomcatWebServer - Tomcat initialized with port(s): 2373 (http)
2024-08-25 19:42:12.464 [] INFO  o.a.c.h.Http11NioProtocol - Initializing ProtocolHandler ["http-nio-2373"]
2024-08-25 19:42:12.465 [] INFO  o.a.c.c.StandardService - Starting service [Tomcat]
2024-08-25 19:42:12.465 [] INFO  o.a.c.c.StandardEngine - Starting Servlet engine: [Apache Tomcat/10.1.4]
2024-08-25 19:42:12.497 [] INFO  o.a.c.c.C.[.[.[/] - Initializing Spring embedded WebApplicationContext
2024-08-25 19:42:12.497 [] INFO  o.s.b.w.s.c.ServletWebServerApplicationContext - Root WebApplicationContext: initialization completed in 520 ms
2024-08-25 19:42:12.568 [] INFO  o.m.d.client - MongoClient with metadata {"driver": {"name": "mongo-java-driver|sync|spring-boot", "version": "4.8.1"}, "os": {"type": "Darwin", "name": "Mac OS X", "architecture": "aarch64", "version": "14.4"}, "platform": "Java/Azul Systems, Inc./17.0.4.1+1-LTS", "application": {"name": "MongoDB Compass"}} created with settings MongoClientSettings{readPreference=primary, writeConcern=WriteConcern{w=null, wTimeout=null ms, journal=null}, retryWrites=true, retryReads=true, readConcern=ReadConcern{level=null}, credential=MongoCredential{mechanism=null, userName='root', source='admin', password=<hidden>, mechanismProperties=<hidden>}, streamFactoryFactory=null, commandListeners=[], codecRegistry=ProvidersCodecRegistry{codecProviders=[ValueCodecProvider{}, BsonValueCodecProvider{}, DBRefCodecProvider{}, DBObjectCodecProvider{}, DocumentCodecProvider{}, CollectionCodecProvider{}, IterableCodecProvider{}, MapCodecProvider{}, GeoJsonCodecProvider{}, GridFSFileCodecProvider{}, Jsr310CodecProvider{}, JsonObjectCodecProvider{}, BsonCodecProvider{}, EnumCodecProvider{}, com.mongodb.Jep395RecordCodecProvider@1775c4e7]}, clusterSettings={hosts=[127.0.0.1:27017], srvServiceName=mongodb, mode=SINGLE, requiredClusterType=UNKNOWN, requiredReplicaSetName='null', serverSelector='null', clusterListeners='[]', serverSelectionTimeout='30000 ms', localThreshold='30000 ms'}, socketSettings=SocketSettings{connectTimeoutMS=10000, readTimeoutMS=0, receiveBufferSize=0, sendBufferSize=0}, heartbeatSocketSettings=SocketSettings{connectTimeoutMS=10000, readTimeoutMS=10000, receiveBufferSize=0, sendBufferSize=0}, connectionPoolSettings=ConnectionPoolSettings{maxSize=200, minSize=50, maxWaitTimeMS=120000, maxConnectionLifeTimeMS=0, maxConnectionIdleTimeMS=0, maintenanceInitialDelayMS=0, maintenanceFrequencyMS=60000, connectionPoolListeners=[], maxConnecting=2}, serverSettings=ServerSettings{heartbeatFrequencyMS=10000, minHeartbeatFrequencyMS=500, serverListeners='[]', serverMonitorListeners='[]'}, sslSettings=SslSettings{enabled=false, invalidHostNameAllowed=false, context=null}, applicationName='MongoDB Compass', compressorList=[], uuidRepresentation=JAVA_LEGACY, serverApi=null, autoEncryptionSettings=null, contextProvider=null}
2024-08-25 19:42:12.574 [] INFO  o.m.d.cluster - Monitor thread successfully connected to server with description ServerDescription{address=127.0.0.1:27017, type=SHARD_ROUTER, state=CONNECTED, ok=true, minWireVersion=0, maxWireVersion=9, maxDocumentSize=16777216, logicalSessionTimeoutMinutes=30, roundTripTimeNanos=9100208}
2024-08-25 19:42:12.941 [] INFO  o.a.c.h.Http11NioProtocol - Starting ProtocolHandler ["http-nio-2373"]
2024-08-25 19:42:12.947 [] INFO  o.s.b.w.e.t.TomcatWebServer - Tomcat started on port(s): 2373 (http) with context path ''
2024-08-25 19:42:12.951 [] INFO  c.c.e.c.EdmsApplication - Started EdmsApplication in 1.208 seconds (process running for 6.491)
2024-08-25 19:45:52.270 [] INFO  o.h.v.i.u.Version - HV000001: Hibernate Validator 8.0.0.Final
2024-08-25 19:45:52.288 [] INFO  c.c.e.c.EdmsApplication - Starting EdmsApplication using Java 17.0.4.1 with PID 44714 (/Users/js4otto/Documents/cercli/edms/edms.container/target/classes started by js4otto in /Users/js4otto/Documents/cercli)
2024-08-25 19:45:52.288 [] DEBUG c.c.e.c.EdmsApplication - Running with Spring Boot v3.0.1, Spring v6.0.3
2024-08-25 19:45:52.289 [] INFO  c.c.e.c.EdmsApplication - The following 1 profile is active: "sentinel"
2024-08-25 19:45:52.504 [] INFO  o.s.d.r.c.RepositoryConfigurationDelegate - Multiple Spring Data modules found, entering strict repository configuration mode
2024-08-25 19:45:52.504 [] INFO  o.s.d.r.c.RepositoryConfigurationDelegate - Bootstrapping Spring Data MongoDB repositories in DEFAULT mode.
2024-08-25 19:45:52.529 [] INFO  o.s.d.r.c.RepositoryConfigurationDelegate - Finished Spring Data repository scanning in 22 ms. Found 1 MongoDB repository interfaces.
2024-08-25 19:45:52.619 [] INFO  o.s.d.r.c.RepositoryConfigurationDelegate - Multiple Spring Data modules found, entering strict repository configuration mode
2024-08-25 19:45:52.620 [] INFO  o.s.d.r.c.RepositoryConfigurationDelegate - Bootstrapping Spring Data Redis repositories in DEFAULT mode.
2024-08-25 19:45:52.627 [] INFO  o.s.d.r.c.RepositoryConfigurationDelegate - Finished Spring Data repository scanning in 3 ms. Found 0 Redis repository interfaces.
2024-08-25 19:45:52.799 [] INFO  o.s.b.w.e.t.TomcatWebServer - Tomcat initialized with port(s): 2373 (http)
2024-08-25 19:45:52.803 [] INFO  o.a.c.h.Http11NioProtocol - Initializing ProtocolHandler ["http-nio-2373"]
2024-08-25 19:45:52.804 [] INFO  o.a.c.c.StandardService - Starting service [Tomcat]
2024-08-25 19:45:52.804 [] INFO  o.a.c.c.StandardEngine - Starting Servlet engine: [Apache Tomcat/10.1.4]
2024-08-25 19:45:52.838 [] INFO  o.a.c.c.C.[.[.[/] - Initializing Spring embedded WebApplicationContext
2024-08-25 19:45:52.838 [] INFO  o.s.b.w.s.c.ServletWebServerApplicationContext - Root WebApplicationContext: initialization completed in 528 ms
2024-08-25 19:45:52.907 [] INFO  o.m.d.client - MongoClient with metadata {"driver": {"name": "mongo-java-driver|sync|spring-boot", "version": "4.8.1"}, "os": {"type": "Darwin", "name": "Mac OS X", "architecture": "aarch64", "version": "14.4"}, "platform": "Java/Azul Systems, Inc./17.0.4.1+1-LTS", "application": {"name": "MongoDB Compass"}} created with settings MongoClientSettings{readPreference=primary, writeConcern=WriteConcern{w=null, wTimeout=null ms, journal=null}, retryWrites=true, retryReads=true, readConcern=ReadConcern{level=null}, credential=MongoCredential{mechanism=null, userName='root', source='admin', password=<hidden>, mechanismProperties=<hidden>}, streamFactoryFactory=null, commandListeners=[], codecRegistry=ProvidersCodecRegistry{codecProviders=[ValueCodecProvider{}, BsonValueCodecProvider{}, DBRefCodecProvider{}, DBObjectCodecProvider{}, DocumentCodecProvider{}, CollectionCodecProvider{}, IterableCodecProvider{}, MapCodecProvider{}, GeoJsonCodecProvider{}, GridFSFileCodecProvider{}, Jsr310CodecProvider{}, JsonObjectCodecProvider{}, BsonCodecProvider{}, EnumCodecProvider{}, com.mongodb.Jep395RecordCodecProvider@1775c4e7]}, clusterSettings={hosts=[127.0.0.1:27017], srvServiceName=mongodb, mode=SINGLE, requiredClusterType=UNKNOWN, requiredReplicaSetName='null', serverSelector='null', clusterListeners='[]', serverSelectionTimeout='30000 ms', localThreshold='30000 ms'}, socketSettings=SocketSettings{connectTimeoutMS=10000, readTimeoutMS=0, receiveBufferSize=0, sendBufferSize=0}, heartbeatSocketSettings=SocketSettings{connectTimeoutMS=10000, readTimeoutMS=10000, receiveBufferSize=0, sendBufferSize=0}, connectionPoolSettings=ConnectionPoolSettings{maxSize=200, minSize=50, maxWaitTimeMS=120000, maxConnectionLifeTimeMS=0, maxConnectionIdleTimeMS=0, maintenanceInitialDelayMS=0, maintenanceFrequencyMS=60000, connectionPoolListeners=[], maxConnecting=2}, serverSettings=ServerSettings{heartbeatFrequencyMS=10000, minHeartbeatFrequencyMS=500, serverListeners='[]', serverMonitorListeners='[]'}, sslSettings=SslSettings{enabled=false, invalidHostNameAllowed=false, context=null}, applicationName='MongoDB Compass', compressorList=[], uuidRepresentation=JAVA_LEGACY, serverApi=null, autoEncryptionSettings=null, contextProvider=null}
2024-08-25 19:45:52.914 [] INFO  o.m.d.cluster - Monitor thread successfully connected to server with description ServerDescription{address=127.0.0.1:27017, type=SHARD_ROUTER, state=CONNECTED, ok=true, minWireVersion=0, maxWireVersion=9, maxDocumentSize=16777216, logicalSessionTimeoutMinutes=30, roundTripTimeNanos=8924250}
2024-08-25 19:45:53.301 [] INFO  o.a.c.h.Http11NioProtocol - Starting ProtocolHandler ["http-nio-2373"]
2024-08-25 19:45:53.307 [] INFO  o.s.b.w.e.t.TomcatWebServer - Tomcat started on port(s): 2373 (http) with context path ''
2024-08-25 19:45:53.311 [] INFO  c.c.e.c.EdmsApplication - Started EdmsApplication in 1.228 seconds (process running for 6.493)
2024-08-25 19:45:53.395 [] INFO  c.c.e.d.a.s.EmployeeCreateHelper - Employee with id f86c3ae1-c235-4153-a045-e8817c3df824 was successfully created.
2024-08-25 19:46:22.532 [] INFO  o.h.v.i.u.Version - HV000001: Hibernate Validator 8.0.0.Final
2024-08-25 19:46:22.548 [] INFO  c.c.e.c.EdmsApplication - Starting EdmsApplication using Java 17.0.4.1 with PID 44935 (/Users/js4otto/Documents/cercli/edms/edms.container/target/classes started by js4otto in /Users/js4otto/Documents/cercli)
2024-08-25 19:46:22.548 [] DEBUG c.c.e.c.EdmsApplication - Running with Spring Boot v3.0.1, Spring v6.0.3
2024-08-25 19:46:22.548 [] INFO  c.c.e.c.EdmsApplication - The following 1 profile is active: "sentinel"
2024-08-25 19:46:22.748 [] INFO  o.s.d.r.c.RepositoryConfigurationDelegate - Multiple Spring Data modules found, entering strict repository configuration mode
2024-08-25 19:46:22.749 [] INFO  o.s.d.r.c.RepositoryConfigurationDelegate - Bootstrapping Spring Data MongoDB repositories in DEFAULT mode.
2024-08-25 19:46:22.783 [] INFO  o.s.d.r.c.RepositoryConfigurationDelegate - Finished Spring Data repository scanning in 32 ms. Found 1 MongoDB repository interfaces.
2024-08-25 19:46:22.883 [] INFO  o.s.d.r.c.RepositoryConfigurationDelegate - Multiple Spring Data modules found, entering strict repository configuration mode
2024-08-25 19:46:22.884 [] INFO  o.s.d.r.c.RepositoryConfigurationDelegate - Bootstrapping Spring Data Redis repositories in DEFAULT mode.
2024-08-25 19:46:22.891 [] INFO  o.s.d.r.c.RepositoryConfigurationDelegate - Finished Spring Data repository scanning in 4 ms. Found 0 Redis repository interfaces.
2024-08-25 19:46:23.089 [] INFO  o.s.b.w.e.t.TomcatWebServer - Tomcat initialized with port(s): 2373 (http)
2024-08-25 19:46:23.093 [] INFO  o.a.c.h.Http11NioProtocol - Initializing ProtocolHandler ["http-nio-2373"]
2024-08-25 19:46:23.093 [] INFO  o.a.c.c.StandardService - Starting service [Tomcat]
2024-08-25 19:46:23.093 [] INFO  o.a.c.c.StandardEngine - Starting Servlet engine: [Apache Tomcat/10.1.4]
2024-08-25 19:46:23.131 [] INFO  o.a.c.c.C.[.[.[/] - Initializing Spring embedded WebApplicationContext
2024-08-25 19:46:23.132 [] INFO  o.s.b.w.s.c.ServletWebServerApplicationContext - Root WebApplicationContext: initialization completed in 562 ms
2024-08-25 19:46:23.213 [] INFO  o.m.d.client - MongoClient with metadata {"driver": {"name": "mongo-java-driver|sync|spring-boot", "version": "4.8.1"}, "os": {"type": "Darwin", "name": "Mac OS X", "architecture": "aarch64", "version": "14.4"}, "platform": "Java/Azul Systems, Inc./17.0.4.1+1-LTS", "application": {"name": "MongoDB Compass"}} created with settings MongoClientSettings{readPreference=primary, writeConcern=WriteConcern{w=null, wTimeout=null ms, journal=null}, retryWrites=true, retryReads=true, readConcern=ReadConcern{level=null}, credential=MongoCredential{mechanism=null, userName='root', source='admin', password=<hidden>, mechanismProperties=<hidden>}, streamFactoryFactory=null, commandListeners=[], codecRegistry=ProvidersCodecRegistry{codecProviders=[ValueCodecProvider{}, BsonValueCodecProvider{}, DBRefCodecProvider{}, DBObjectCodecProvider{}, DocumentCodecProvider{}, CollectionCodecProvider{}, IterableCodecProvider{}, MapCodecProvider{}, GeoJsonCodecProvider{}, GridFSFileCodecProvider{}, Jsr310CodecProvider{}, JsonObjectCodecProvider{}, BsonCodecProvider{}, EnumCodecProvider{}, com.mongodb.Jep395RecordCodecProvider@7e34b127]}, clusterSettings={hosts=[127.0.0.1:27017], srvServiceName=mongodb, mode=SINGLE, requiredClusterType=UNKNOWN, requiredReplicaSetName='null', serverSelector='null', clusterListeners='[]', serverSelectionTimeout='30000 ms', localThreshold='30000 ms'}, socketSettings=SocketSettings{connectTimeoutMS=10000, readTimeoutMS=0, receiveBufferSize=0, sendBufferSize=0}, heartbeatSocketSettings=SocketSettings{connectTimeoutMS=10000, readTimeoutMS=10000, receiveBufferSize=0, sendBufferSize=0}, connectionPoolSettings=ConnectionPoolSettings{maxSize=200, minSize=50, maxWaitTimeMS=120000, maxConnectionLifeTimeMS=0, maxConnectionIdleTimeMS=0, maintenanceInitialDelayMS=0, maintenanceFrequencyMS=60000, connectionPoolListeners=[], maxConnecting=2}, serverSettings=ServerSettings{heartbeatFrequencyMS=10000, minHeartbeatFrequencyMS=500, serverListeners='[]', serverMonitorListeners='[]'}, sslSettings=SslSettings{enabled=false, invalidHostNameAllowed=false, context=null}, applicationName='MongoDB Compass', compressorList=[], uuidRepresentation=JAVA_LEGACY, serverApi=null, autoEncryptionSettings=null, contextProvider=null}
2024-08-25 19:46:23.229 [] INFO  o.m.d.cluster - Monitor thread successfully connected to server with description ServerDescription{address=127.0.0.1:27017, type=SHARD_ROUTER, state=CONNECTED, ok=true, minWireVersion=0, maxWireVersion=9, maxDocumentSize=16777216, logicalSessionTimeoutMinutes=30, roundTripTimeNanos=21601333}
2024-08-25 19:46:23.674 [] INFO  o.a.c.h.Http11NioProtocol - Starting ProtocolHandler ["http-nio-2373"]
2024-08-25 19:46:23.681 [] INFO  o.s.b.w.e.t.TomcatWebServer - Tomcat started on port(s): 2373 (http) with context path ''
2024-08-25 19:46:23.686 [] INFO  c.c.e.c.EdmsApplication - Started EdmsApplication in 1.342 seconds (process running for 6.663)
2024-08-25 19:46:23.742 [] INFO  o.s.b.a.l.ConditionEvaluationReportLogger - 

Error starting ApplicationContext. To display the condition evaluation report re-run your application with 'debug' enabled.
2024-08-25 19:46:23.751 [] ERROR o.s.b.SpringApplication - Application run failed
java.lang.IllegalStateException: Failed to execute CommandLineRunner
	at org.springframework.boot.SpringApplication.callRunner(SpringApplication.java:770)
	at org.springframework.boot.SpringApplication.callRunners(SpringApplication.java:751)
	at org.springframework.boot.SpringApplication.run(SpringApplication.java:315)
	at org.springframework.boot.SpringApplication.run(SpringApplication.java:1302)
	at org.springframework.boot.SpringApplication.run(SpringApplication.java:1291)
	at com.cercli.edms.container.EdmsApplication.main(EdmsApplication.java:36)
Caused by: com.cercli.common.domain.exception.EmployeeDomainException: null
	at com.cercli.edms.domain.application.service.EmployeeCreateHelper.persistEmployee(EmployeeCreateHelper.java:38)
	at com.cercli.edms.domain.application.service.EmployeeCreateCommandHandler.commandHandler(EmployeeCreateCommandHandler.java:36)
	at com.cercli.edms.domain.application.service.EdmsApplicationServiceImpl.create(EdmsApplicationServiceImpl.java:67)
	at com.cercli.edms.container.EdmsApplication.run(EdmsApplication.java:41)
	at org.springframework.boot.SpringApplication.callRunner(SpringApplication.java:767)
	... 5 common frames omitted
2024-08-25 19:48:33.572 [] INFO  o.h.v.i.u.Version - HV000001: Hibernate Validator 8.0.0.Final
2024-08-25 19:48:33.589 [] INFO  c.c.e.c.EdmsApplication - Starting EdmsApplication using Java 17.0.4.1 with PID 45917 (/Users/js4otto/Documents/cercli/edms/edms.container/target/classes started by js4otto in /Users/js4otto/Documents/cercli)
2024-08-25 19:48:33.589 [] DEBUG c.c.e.c.EdmsApplication - Running with Spring Boot v3.0.1, Spring v6.0.3
2024-08-25 19:48:33.589 [] INFO  c.c.e.c.EdmsApplication - The following 1 profile is active: "sentinel"
2024-08-25 19:48:33.823 [] INFO  o.s.d.r.c.RepositoryConfigurationDelegate - Multiple Spring Data modules found, entering strict repository configuration mode
2024-08-25 19:48:33.823 [] INFO  o.s.d.r.c.RepositoryConfigurationDelegate - Bootstrapping Spring Data MongoDB repositories in DEFAULT mode.
2024-08-25 19:48:33.860 [] INFO  o.s.d.r.c.RepositoryConfigurationDelegate - Finished Spring Data repository scanning in 33 ms. Found 1 MongoDB repository interfaces.
2024-08-25 19:48:33.940 [] INFO  o.s.d.r.c.RepositoryConfigurationDelegate - Multiple Spring Data modules found, entering strict repository configuration mode
2024-08-25 19:48:33.940 [] INFO  o.s.d.r.c.RepositoryConfigurationDelegate - Bootstrapping Spring Data Redis repositories in DEFAULT mode.
2024-08-25 19:48:33.947 [] INFO  o.s.d.r.c.RepositoryConfigurationDelegate - Finished Spring Data repository scanning in 3 ms. Found 0 Redis repository interfaces.
2024-08-25 19:48:34.128 [] INFO  o.s.b.w.e.t.TomcatWebServer - Tomcat initialized with port(s): 2373 (http)
2024-08-25 19:48:34.131 [] INFO  o.a.c.h.Http11NioProtocol - Initializing ProtocolHandler ["http-nio-2373"]
2024-08-25 19:48:34.132 [] INFO  o.a.c.c.StandardService - Starting service [Tomcat]
2024-08-25 19:48:34.132 [] INFO  o.a.c.c.StandardEngine - Starting Servlet engine: [Apache Tomcat/10.1.4]
2024-08-25 19:48:34.164 [] INFO  o.a.c.c.C.[.[.[/] - Initializing Spring embedded WebApplicationContext
2024-08-25 19:48:34.164 [] INFO  o.s.b.w.s.c.ServletWebServerApplicationContext - Root WebApplicationContext: initialization completed in 553 ms
2024-08-25 19:48:34.251 [] INFO  o.m.d.client - MongoClient with metadata {"driver": {"name": "mongo-java-driver|sync|spring-boot", "version": "4.8.1"}, "os": {"type": "Darwin", "name": "Mac OS X", "architecture": "aarch64", "version": "14.4"}, "platform": "Java/Azul Systems, Inc./17.0.4.1+1-LTS", "application": {"name": "MongoDB Compass"}} created with settings MongoClientSettings{readPreference=primary, writeConcern=WriteConcern{w=null, wTimeout=null ms, journal=null}, retryWrites=true, retryReads=true, readConcern=ReadConcern{level=null}, credential=MongoCredential{mechanism=null, userName='root', source='admin', password=<hidden>, mechanismProperties=<hidden>}, streamFactoryFactory=null, commandListeners=[], codecRegistry=ProvidersCodecRegistry{codecProviders=[ValueCodecProvider{}, BsonValueCodecProvider{}, DBRefCodecProvider{}, DBObjectCodecProvider{}, DocumentCodecProvider{}, CollectionCodecProvider{}, IterableCodecProvider{}, MapCodecProvider{}, GeoJsonCodecProvider{}, GridFSFileCodecProvider{}, Jsr310CodecProvider{}, JsonObjectCodecProvider{}, BsonCodecProvider{}, EnumCodecProvider{}, com.mongodb.Jep395RecordCodecProvider@1f9d4b0e]}, clusterSettings={hosts=[127.0.0.1:27017], srvServiceName=mongodb, mode=SINGLE, requiredClusterType=UNKNOWN, requiredReplicaSetName='null', serverSelector='null', clusterListeners='[]', serverSelectionTimeout='30000 ms', localThreshold='30000 ms'}, socketSettings=SocketSettings{connectTimeoutMS=10000, readTimeoutMS=0, receiveBufferSize=0, sendBufferSize=0}, heartbeatSocketSettings=SocketSettings{connectTimeoutMS=10000, readTimeoutMS=10000, receiveBufferSize=0, sendBufferSize=0}, connectionPoolSettings=ConnectionPoolSettings{maxSize=200, minSize=50, maxWaitTimeMS=120000, maxConnectionLifeTimeMS=0, maxConnectionIdleTimeMS=0, maintenanceInitialDelayMS=0, maintenanceFrequencyMS=60000, connectionPoolListeners=[], maxConnecting=2}, serverSettings=ServerSettings{heartbeatFrequencyMS=10000, minHeartbeatFrequencyMS=500, serverListeners='[]', serverMonitorListeners='[]'}, sslSettings=SslSettings{enabled=false, invalidHostNameAllowed=false, context=null}, applicationName='MongoDB Compass', compressorList=[], uuidRepresentation=JAVA_LEGACY, serverApi=null, autoEncryptionSettings=null, contextProvider=null}
2024-08-25 19:48:34.257 [] INFO  o.m.d.cluster - Monitor thread successfully connected to server with description ServerDescription{address=127.0.0.1:27017, type=SHARD_ROUTER, state=CONNECTED, ok=true, minWireVersion=0, maxWireVersion=9, maxDocumentSize=16777216, logicalSessionTimeoutMinutes=30, roundTripTimeNanos=8547625}
2024-08-25 19:48:34.666 [] INFO  o.a.c.h.Http11NioProtocol - Starting ProtocolHandler ["http-nio-2373"]
2024-08-25 19:48:34.676 [] INFO  o.s.b.w.e.t.TomcatWebServer - Tomcat started on port(s): 2373 (http) with context path ''
2024-08-25 19:48:34.681 [] INFO  c.c.e.c.EdmsApplication - Started EdmsApplication in 1.302 seconds (process running for 6.594)
2024-08-25 19:48:34.742 [] INFO  c.c.e.d.a.s.EmployeeCreateHelper - Employee with id 85d37750-7bab-4abb-8654-8f532a23c1ea was successfully created.
